

Version:	3.50
CmdLine:	C:\Users\walla\OneDrive\Documents\PlayfairCipher\PlayFair.exe --l4j-debug
JNI:		No
WOW64:		Yes
Working dir:	C:\Users\walla\OneDrive\Documents\PlayfairCipher\.
Requires JDK:	Yes
Requires 64-Bit: No
Java min ver:	1.008.000
Java max ver:	
Substitute:	JAVA_HOME = C:\Program Files\Java\jdk-23
Substitute:	PATH = C:\Program Files\Eclipse Adoptium\jdk-21.0.7.6-hotspot\bin;C:\Program Files\Common Files\Oracle\Java\javapath;C:\Program Files (x86)\Common Files\Oracle\Java\javapath;C:\Program Files (x86)\VMware\VMware Workstation\bin\;C:\Windows\system32;C:\Windows;C:\Windows\System32\Wbem;C:\Windows\System32\WindowsPowerShell\v1.0\;C:\Windows\System32\OpenSSH\;C:\src\flutter\bin;C:\Program Files\Microsoft SQL Server\150\Tools\Binn\;C:\Program Files\Microsoft SQL Server\Client SDK\ODBC\170\Tools\Binn\;C:\Program Files (x86)\Windows Kits\10\Windows Performance Toolkit\;C:\Program Files\nodejs\;C:\Program Files\Java\jdk-23\bin;C:\Program Files\Git\cmd;C:\Users\walla\AppData\Local\Programs\Python\Python313\Scripts\;C:\Users\walla\AppData\Local\Programs\Python\Python313\;C:\Users\walla\AppData\Local\Microsoft\WindowsApps;C:\Users\walla\AppData\Local\GitHubDesktop\bin;C:\Users\walla\AppData\Local\Programs\Microsoft VS Code\bin;C:\Users\walla\AppData\Roaming\npm;C:\Users\walla\AppData\Local\Pub\Cache\bin;C:\Program Files (x86)\Nmap;C:\Program Files\Java\jdk-23\bin
JRE paths:	C:\Program Files\Java\jdk-23;C:\Program Files\Eclipse Adoptium\jdk-21.0.7.6-hotspot\bin;C:\Program Files\Common Files\Oracle\Java\javapath;C:\Program Files (x86)\Common Files\Oracle\Java\javapath;C:\Program Files (x86)\VMware\VMware Workstation\bin\;C:\Windows\system32;C:\Windows;C:\Windows\System32\Wbem;C:\Windows\System32\WindowsPowerShell\v1.0\;C:\Windows\System32\OpenSSH\;C:\src\flutter\bin;C:\Program Files\Microsoft SQL Server\150\Tools\Binn\;C:\Program Files\Microsoft SQL Server\Client SDK\ODBC\170\Tools\Binn\;C:\Program Files (x86)\Windows Kits\10\Windows Performance Toolkit\;C:\Program Files\nodejs\;C:\Program Files\Java\jdk-23\bin;C:\Program Files\Git\cmd;C:\Users\walla\AppData\Local\Programs\Python\Python313\Scripts\;C:\Users\walla\AppData\Local\Programs\Python\Python313\;C:\Users\walla\AppData\Local\Microsoft\WindowsApps;C:\Users\walla\AppData\Local\GitHubDesktop\bin;C:\Users\walla\AppData\Local\Programs\Microsoft VS Code\bin;C:\Users\walla\AppData\Roaming\npm;C:\Users\walla\AppData\Local\Pub\Cache\bin;C:\Program Files (x86)\Nmap;C:\Program Files\Java\jdk-23\bin
Check launcher:	C:\Program Files\Java\jdk-23\bin\javaw.exe (OK)
Check javac:	C:\Program Files\Java\jdk-23\bin\javac.exe (OK)
Version string: 1.023.000_002 / 64-Bit (OK)
Launcher:	C:\Program Files\Java\jdk-23\bin\javaw.exe
Launcher args:	-jar "C:\Users\walla\OneDrive\Documents\PlayfairCipher\PlayFair.exe"
Args length:	68/32768 chars
Exit code:	0


Version:	3.50
CmdLine:	C:\Users\walla\OneDrive\Documents\PlayfairCipher\PlayFair.exe --l4j-debug
JNI:		No
WOW64:		Yes
Working dir:	C:\Users\walla\OneDrive\Documents\PlayfairCipher\.
Requires JDK:	Yes
Requires 64-Bit: No
Java min ver:	1.008.000
Java max ver:	
Substitute:	JAVA_HOME = C:\Program Files\Java\jdk-23
Substitute:	PATH = C:\Program Files\Eclipse Adoptium\jdk-21.0.7.6-hotspot\bin;C:\Program Files\Common Files\Oracle\Java\javapath;C:\Program Files (x86)\Common Files\Oracle\Java\javapath;C:\Program Files (x86)\VMware\VMware Workstation\bin\;C:\Windows\system32;C:\Windows;C:\Windows\System32\Wbem;C:\Windows\System32\WindowsPowerShell\v1.0\;C:\Windows\System32\OpenSSH\;C:\src\flutter\bin;C:\Program Files\Microsoft SQL Server\150\Tools\Binn\;C:\Program Files\Microsoft SQL Server\Client SDK\ODBC\170\Tools\Binn\;C:\Program Files (x86)\Windows Kits\10\Windows Performance Toolkit\;C:\Program Files\nodejs\;C:\Program Files\Java\jdk-23\bin;C:\Program Files\Git\cmd;C:\Users\walla\AppData\Local\Programs\Python\Python313\Scripts\;C:\Users\walla\AppData\Local\Programs\Python\Python313\;C:\Users\walla\AppData\Local\Microsoft\WindowsApps;C:\Users\walla\AppData\Local\GitHubDesktop\bin;C:\Users\walla\AppData\Local\Programs\Microsoft VS Code\bin;C:\Users\walla\AppData\Roaming\npm;C:\Users\walla\AppData\Local\Pub\Cache\bin;C:\Program Files (x86)\Nmap;C:\Program Files\Java\jdk-23\bin
JRE paths:	C:\Program Files\Java\jdk-23;C:\Program Files\Eclipse Adoptium\jdk-21.0.7.6-hotspot\bin;C:\Program Files\Common Files\Oracle\Java\javapath;C:\Program Files (x86)\Common Files\Oracle\Java\javapath;C:\Program Files (x86)\VMware\VMware Workstation\bin\;C:\Windows\system32;C:\Windows;C:\Windows\System32\Wbem;C:\Windows\System32\WindowsPowerShell\v1.0\;C:\Windows\System32\OpenSSH\;C:\src\flutter\bin;C:\Program Files\Microsoft SQL Server\150\Tools\Binn\;C:\Program Files\Microsoft SQL Server\Client SDK\ODBC\170\Tools\Binn\;C:\Program Files (x86)\Windows Kits\10\Windows Performance Toolkit\;C:\Program Files\nodejs\;C:\Program Files\Java\jdk-23\bin;C:\Program Files\Git\cmd;C:\Users\walla\AppData\Local\Programs\Python\Python313\Scripts\;C:\Users\walla\AppData\Local\Programs\Python\Python313\;C:\Users\walla\AppData\Local\Microsoft\WindowsApps;C:\Users\walla\AppData\Local\GitHubDesktop\bin;C:\Users\walla\AppData\Local\Programs\Microsoft VS Code\bin;C:\Users\walla\AppData\Roaming\npm;C:\Users\walla\AppData\Local\Pub\Cache\bin;C:\Program Files (x86)\Nmap;C:\Program Files\Java\jdk-23\bin
Check launcher:	C:\Program Files\Java\jdk-23\bin\javaw.exe (OK)
Check javac:	C:\Program Files\Java\jdk-23\bin\javac.exe (OK)
Version string: 1.023.000_002 / 64-Bit (OK)
Launcher:	C:\Program Files\Java\jdk-23\bin\javaw.exe
Launcher args:	-jar "C:\Users\walla\OneDrive\Documents\PlayfairCipher\PlayFair.exe"
Args length:	68/32768 chars
Exit code:	0
